<?xml version="1.0" encoding="UTF-8"?>
<testsuite xmlns:xsi="http://www.w3.org/2001/XMLSchema-instance" xsi:noNamespaceSchemaLocation="https://maven.apache.org/surefire/maven-surefire-plugin/xsd/surefire-test-report-3.0.xsd" version="3.0" name="com.inventario.inventario.controllers.ProductoControllerTest" time="0.093" tests="4" errors="0" skipped="0" failures="0">
  <properties>
[...]
</properties>
  <testcase name="testGetProductoById" classname="com.inventario.inventario.controllers.ProductoControllerTest" time="0.164">
    <system-out><![CDATA[18:47:50.631 [main] INFO org.springframework.test.context.support.AnnotationConfigContextLoaderUtils -- Could not detect default configuration classes for test class [com.inventario.inventario.controllers.ProductoControllerTest]: ProductoControllerTest does not declare any static, non-private, non-final, nested classes annotated with @Configuration.
18:47:50.796 [main] INFO org.springframework.boot.test.context.SpringBootTestContextBootstrapper -- Found @SpringBootConfiguration com.inventario.inventario.InventarioApplication for test class com.inventario.inventario.controllers.ProductoControllerTest
18:47:50.881 [main] INFO org.springframework.boot.devtools.restart.RestartApplicationListener -- Restart disabled due to context in which it is running

  .   ____          _            __ _ _
 /\\ / ___'_ __ _ _(_)_ __  __ _ \ \ \ \
( ( )\___ | '_ | '_| | '_ \/ _` | \ \ \ \
 \\/  ___)| |_)| | | | | || (_| |  ) ) ) )
  '  |____| .__|_| |_|_| |_\__, | / / / /
 =========|_|==============|___/=/_/_/_/

 :: Spring Boot ::                (v3.3.1)

2024-08-30T18:47:51.820-04:00  INFO 41374 --- [inventario] [           main] c.i.i.c.ProductoControllerTest           : Starting ProductoControllerTest using Java 21.0.4 with PID 41374 (started by pipecm in /home/pipecm/Development/devops-tdpc/inventario-app/backend)
2024-08-30T18:47:51.822-04:00  INFO 41374 --- [inventario] [           main] c.i.i.c.ProductoControllerTest           : No active profile set, falling back to 1 default profile: "default"
2024-08-30T18:47:53.036-04:00  WARN 41374 --- [inventario] [           main] ion$DefaultTemplateResolverConfiguration : Cannot find template location: classpath:/templates/ (please add some templates, check your Thymeleaf configuration, or set spring.thymeleaf.check-template-location=false)
2024-08-30T18:47:53.082-04:00  INFO 41374 --- [inventario] [           main] o.s.b.t.m.w.SpringBootMockServletContext : Initializing Spring TestDispatcherServlet ''
2024-08-30T18:47:53.082-04:00  INFO 41374 --- [inventario] [           main] o.s.t.web.servlet.TestDispatcherServlet  : Initializing Servlet ''
2024-08-30T18:47:53.085-04:00  INFO 41374 --- [inventario] [           main] o.s.t.web.servlet.TestDispatcherServlet  : Completed initialization in 2 ms
2024-08-30T18:47:53.121-04:00  INFO 41374 --- [inventario] [           main] c.i.i.c.ProductoControllerTest           : Started ProductoControllerTest in 2.25 seconds (process running for 4.722)
]]></system-out>
  </testcase>
  <testcase name="testGetProductoById" classname="com.inventario.inventario.controllers.ProductoControllerTest" time="0.008">
    <system-out><![CDATA[2024-08-30T18:47:53.365-04:00  INFO 41374 --- [inventario] [           main] t.c.s.AnnotationConfigContextLoaderUtils : Could not detect default configuration classes for test class [com.inventario.inventario.controllers.ProductoControllerTest]: ProductoControllerTest does not declare any static, non-private, non-final, nested classes annotated with @Configuration.
2024-08-30T18:47:53.377-04:00  INFO 41374 --- [inventario] [           main] .b.t.c.SpringBootTestContextBootstrapper : Found @SpringBootConfiguration com.inventario.inventario.InventarioApplication for test class com.inventario.inventario.controllers.ProductoControllerTest
]]></system-out>
  </testcase>
  <testcase name="testUpdateProductoById" classname="com.inventario.inventario.controllers.ProductoControllerTest" time="0.033"/>
  <testcase name="testUpdateProductoById" classname="com.inventario.inventario.controllers.ProductoControllerTest" time="0.015"/>
  <testcase name="testSaveProducto" classname="com.inventario.inventario.controllers.ProductoControllerTest" time="0.01"/>
  <testcase name="testSaveProducto" classname="com.inventario.inventario.controllers.ProductoControllerTest" time="0.023"/>
  <testcase name="testDeleteById" classname="com.inventario.inventario.controllers.ProductoControllerTest" time="0.008"/>
  <testcase name="testDeleteById" classname="com.inventario.inventario.controllers.ProductoControllerTest" time="0.008"/>
</testsuite>